[19:50:39] [main/INFO]: Loading Minecraft 1.20.2 with Fabric Loader 0.16.3
[19:50:40] [main/INFO]: Loading 4 mods:
	- fabricloader 0.16.3
	   \-- mixinextras 0.4.1
	- java 21
	- minecraft 1.20.2
[19:50:40] [main/INFO]: SpongePowered MIXIN Subsystem Version=0.8.7 Source=file:/workspaces/MinecraftSv/servidor_minecraft/libraries/net/fabricmc/sponge-mixin/0.15.2+mixin.0.8.7/sponge-mixin-0.15.2+mixin.0.8.7.jar Service=Knot/Fabric Env=SERVER
[19:50:45] [main/INFO]: Environment: Environment[accountsHost=https://api.mojang.com, sessionHost=https://sessionserver.mojang.com, servicesHost=https://api.minecraftservices.com, name=PROD]
[19:50:47] [main/INFO]: Loaded 7 recipes
[19:50:47] [main/INFO]: Loaded 1271 advancements
[19:50:47] [Server thread/INFO]: Starting minecraft server version 1.20.2
[19:50:47] [Server thread/INFO]: Loading properties
[19:50:47] [Server thread/INFO]: Default game type: SURVIVAL
[19:50:47] [Server thread/INFO]: Generating keypair
[19:50:48] [Server thread/INFO]: Starting Minecraft server on *:25565
[19:50:48] [Server thread/INFO]: Using epoll channel type
[19:50:48] [Server thread/WARN]: **** SERVER IS RUNNING IN OFFLINE/INSECURE MODE!
[19:50:48] [Server thread/WARN]: The server will make no attempt to authenticate usernames. Beware.
[19:50:48] [Server thread/WARN]: While this makes the game possible to play without internet access, it also opens up the ability for hackers to connect with any username they choose.
[19:50:48] [Server thread/WARN]: To change this, set "online-mode" to "true" in the server.properties file.
[19:50:48] [Server thread/INFO]: Preparing level "world"
[19:50:50] [Server thread/INFO]: Preparing start region for dimension minecraft:overworld
[19:50:53] [Worker-Main-2/INFO]: Preparing spawn area: 0%
[19:50:53] [Worker-Main-2/INFO]: Preparing spawn area: 0%
[19:50:53] [Worker-Main-2/INFO]: Preparing spawn area: 0%
[19:50:53] [Worker-Main-3/INFO]: Preparing spawn area: 0%
[19:50:53] [Worker-Main-3/INFO]: Preparing spawn area: 0%
[19:50:53] [Worker-Main-3/INFO]: Preparing spawn area: 0%
[19:50:53] [Worker-Main-3/INFO]: Preparing spawn area: 4%
[19:50:54] [Worker-Main-2/INFO]: Preparing spawn area: 68%
[19:50:54] [Server thread/INFO]: Time elapsed: 3670 ms
[19:50:54] [Server thread/INFO]: Done (6.341s)! For help, type "help"
[19:50:54] [Server thread/INFO]: Unknown or incomplete command, see below for error
[19:50:54] [Server thread/INFO]: home/codespace/.python/current/bin/python /workspaces/MinecraftSv/msx.py<--[HERE]
[19:51:07] [Server thread/INFO]: Iancito_BM[/127.78.68.230:52989] logged in with entity id 199 at (58.5, 69.0, -7.5)
[19:51:07] [Server thread/INFO]: Iancito_BM joined the game
[19:54:24] [Server thread/INFO]: Made Iancito_BM a server operator
[19:54:35] [Server thread/INFO]: [Iancito_BM: Set own game mode to Creative Mode]
[19:55:32] [Server thread/INFO]: Iancito_BM has reached the goal [Sky's the Limit]
